<?xml version="1.0" encoding="UTF-8" ?>
<testsuite failures="0" time="0.049" errors="0" skipped="0" tests="5" name="com.crudetech.query.ListSelectTest">
  <properties>
    <property name="java.runtime.name" value="Java(TM) SE Runtime Environment"/>
    <property name="sun.boot.library.path" value="C:\Program Files\java\jdk\jdk1.7.0_05\jre\bin"/>
    <property name="java.vm.version" value="23.1-b03"/>
    <property name="java.vm.vendor" value="Oracle Corporation"/>
    <property name="java.vendor.url" value="http://java.oracle.com/"/>
    <property name="path.separator" value=";"/>
    <property name="java.vm.name" value="Java HotSpot(TM) Client VM"/>
    <property name="file.encoding.pkg" value="sun.io"/>
    <property name="user.script" value=""/>
    <property name="user.country" value="DE"/>
    <property name="sun.java.launcher" value="SUN_STANDARD"/>
    <property name="sun.os.patch.level" value="Service Pack 2"/>
    <property name="java.vm.specification.name" value="Java Virtual Machine Specification"/>
    <property name="user.dir" value="C:\Users\Andy\working-copies\crudetech-libs\query"/>
    <property name="java.runtime.version" value="1.7.0_05-b05"/>
    <property name="java.awt.graphicsenv" value="sun.awt.Win32GraphicsEnvironment"/>
    <property name="basedir" value="C:\Users\Andy\working-copies\crudetech-libs\query"/>
    <property name="java.endorsed.dirs" value="C:\Program Files\java\jdk\jdk1.7.0_05\jre\lib\endorsed"/>
    <property name="os.arch" value="x86"/>
    <property name="surefire.real.class.path" value="C:\Users\Andy\working-copies\crudetech-libs\query\target\surefire\surefirebooter6501414347887913275.jar"/>
    <property name="java.io.tmpdir" value="c:\temp\"/>
    <property name="line.separator" value="
"/>
    <property name="java.vm.specification.vendor" value="Oracle Corporation"/>
    <property name="user.variant" value=""/>
    <property name="os.name" value="Windows Vista"/>
    <property name="sun.jnu.encoding" value="Cp1252"/>
    <property name="java.library.path" value="C:\Program Files\java\jdk\jdk1.7.0_05\jre\bin;C:\Windows\Sun\Java\bin;C:\Windows\system32;C:\Windows;C:\Program Files\Common Files\Microsoft Shared\Windows Live;C:\Windows\system32;C:\Windows;C:\Windows\System32\Wbem;C:\Program Files\Common Files\Roxio Shared\10.0\DLLShared\;C:\Program Files\Common Files\Roxio Shared\DLLShared\;C:\Program Files\Common Files\Roxio Shared\DLLShared\;C:\Program Files\Common Files\Roxio Shared\10.0\DLLShared\;C:\Program Files\Intel\WiFi\bin\;C:\Windows\System32\WindowsPowerShell\v1.0\;C:\Program Files\Git\cmd;C:\Program Files\TortoiseGit\bin;C:\Program Files\TortoiseSVN\bin;C:\Program Files\Windows Live\Shared;C:\Program Files\QuickTime\QTSystem\;C:\Program Files\Pinnacle\Shared Files;C:\Program Files\Pinnacle\Shared Files\Filter;C:\Program Files\java\maven\apache-maven-3.0.3\bin;C:\Program Files\Subversion Client-1.7.0-5;C:\Program Files\TortoiseHg;C:\Program Files\java\jdk\jdk1.7.0_05\bin;C:\Users\Andy\working-copies\java\java-environment\;C:\Users\Andy\working-copies\java\java-environment\tools;."/>
    <property name="surefire.test.class.path" value="C:\Users\Andy\working-copies\crudetech-libs\query\target\test-classes;C:\Users\Andy\working-copies\crudetech-libs\query\target\classes;c:\maven-repository\org\hamcrest\hamcrest-core\1.3.RC2\hamcrest-core-1.3.RC2.jar;c:\maven-repository\junit\junit-dep\4.8.2\junit-dep-4.8.2.jar;C:\Users\Andy\working-copies\crudetech-libs\matcher\target\com.crudetech.matcher.jar;c:\maven-repository\org\hamcrest\hamcrest-library\1.3.RC2\hamcrest-library-1.3.RC2.jar;C:\Users\Andy\working-copies\crudetech-libs\foundation\target\com.crudetech.foundation.jar;"/>
    <property name="java.specification.name" value="Java Platform API Specification"/>
    <property name="java.class.version" value="51.0"/>
    <property name="sun.management.compiler" value="HotSpot Client Compiler"/>
    <property name="os.version" value="6.0"/>
    <property name="user.home" value="C:\Users\Andy"/>
    <property name="user.timezone" value=""/>
    <property name="java.awt.printerjob" value="sun.awt.windows.WPrinterJob"/>
    <property name="java.specification.version" value="1.7"/>
    <property name="file.encoding" value="Cp1252"/>
    <property name="user.name" value="Andy"/>
    <property name="java.class.path" value="C:\Users\Andy\working-copies\crudetech-libs\query\target\test-classes;C:\Users\Andy\working-copies\crudetech-libs\query\target\classes;c:\maven-repository\org\hamcrest\hamcrest-core\1.3.RC2\hamcrest-core-1.3.RC2.jar;c:\maven-repository\junit\junit-dep\4.8.2\junit-dep-4.8.2.jar;C:\Users\Andy\working-copies\crudetech-libs\matcher\target\com.crudetech.matcher.jar;c:\maven-repository\org\hamcrest\hamcrest-library\1.3.RC2\hamcrest-library-1.3.RC2.jar;C:\Users\Andy\working-copies\crudetech-libs\foundation\target\com.crudetech.foundation.jar;"/>
    <property name="java.vm.specification.version" value="1.7"/>
    <property name="sun.arch.data.model" value="32"/>
    <property name="java.home" value="C:\Program Files\java\jdk\jdk1.7.0_05\jre"/>
    <property name="sun.java.command" value="C:\Users\Andy\working-copies\crudetech-libs\query\target\surefire\surefirebooter6501414347887913275.jar C:\Users\Andy\working-copies\crudetech-libs\query\target\surefire\surefire8950247019879816541tmp C:\Users\Andy\working-copies\crudetech-libs\query\target\surefire\surefire4664301964459579409tmp"/>
    <property name="java.specification.vendor" value="Oracle Corporation"/>
    <property name="user.language" value="de"/>
    <property name="awt.toolkit" value="sun.awt.windows.WToolkit"/>
    <property name="java.vm.info" value="mixed mode, sharing"/>
    <property name="java.version" value="1.7.0_05"/>
    <property name="java.ext.dirs" value="C:\Program Files\java\jdk\jdk1.7.0_05\jre\lib\ext;C:\Windows\Sun\Java\lib\ext"/>
    <property name="sun.boot.class.path" value="C:\Program Files\java\jdk\jdk1.7.0_05\jre\lib\resources.jar;C:\Program Files\java\jdk\jdk1.7.0_05\jre\lib\rt.jar;C:\Program Files\java\jdk\jdk1.7.0_05\jre\lib\sunrsasign.jar;C:\Program Files\java\jdk\jdk1.7.0_05\jre\lib\jsse.jar;C:\Program Files\java\jdk\jdk1.7.0_05\jre\lib\jce.jar;C:\Program Files\java\jdk\jdk1.7.0_05\jre\lib\charsets.jar;C:\Program Files\java\jdk\jdk1.7.0_05\jre\lib\jfr.jar;C:\Program Files\java\jdk\jdk1.7.0_05\jre\classes"/>
    <property name="java.vendor" value="Oracle Corporation"/>
    <property name="localRepository" value="c:\maven-repository"/>
    <property name="file.separator" value="\"/>
    <property name="java.vendor.url.bug" value="http://bugreport.sun.com/bugreport/"/>
    <property name="sun.cpu.endian" value="little"/>
    <property name="sun.io.unicode.encoding" value="UnicodeLittle"/>
    <property name="sun.desktop" value="windows"/>
    <property name="sun.cpu.isalist" value="pentium_pro+mmx pentium_pro pentium+mmx pentium i486 i386 i86"/>
  </properties>
  <testcase time="0.019" classname="com.crudetech.query.ListSelectTest" name="selectWithNullThrows"/>
  <testcase time="0.01" classname="com.crudetech.query.ListSelectTest" name="selectWithIndex"/>
  <testcase time="0" classname="com.crudetech.query.ListSelectTest" name="selectOnEmptyRangeProducesEmptyRange"/>
  <testcase time="0.001" classname="com.crudetech.query.ListSelectTest" name="select2WithNullThrows"/>
  <testcase time="0" classname="com.crudetech.query.ListSelectTest" name="select"/>
</testsuite>